Fedora 36 - x86_64                              868 kB/s |  81 MB     01:35    
Fedora 36 openh264 (From Cisco) - x86_64        1.4 kB/s | 2.5 kB     00:01    
Fedora Modular 36 - x86_64                      883 kB/s | 2.4 MB     00:02    
Fedora 36 - x86_64 - Updates                    678 kB/s |  25 MB     00:38    
Fedora Modular 36 - x86_64 - Updates            861 kB/s | 2.8 MB     00:03    
Dependencies resolved.
================================================================================
 Package                      Arch    Version                    Repo      Size
================================================================================
Installing:
 oci-seccomp-bpf-hook         x86_64  1.2.6-2.fc36               updates  1.0 M
Installing dependencies:
 bcc                          x86_64  0.22.0-3.fc36              fedora   704 k
 binutils                     x86_64  2.37-27.fc36               updates  6.0 M
 binutils-gold                x86_64  2.37-27.fc36               updates  754 k
 bison                        x86_64  3.8.2-2.fc36               fedora   986 k
 clang13-libs                 x86_64  13.0.1-1.fc36              fedora    22 M
 clang13-resource-filesystem  x86_64  13.0.1-1.fc36              fedora    13 k
 cpp                          x86_64  12.0.1-0.16.fc36           fedora    11 M
 elfutils-debuginfod-client   x86_64  0.186-3.fc36               fedora    39 k
 elfutils-libelf-devel        x86_64  0.186-3.fc36               fedora    26 k
 flex                         x86_64  2.6.4-10.fc36              fedora   307 k
 gc                           x86_64  8.0.6-3.fc36               updates  103 k
 gcc                          x86_64  12.0.1-0.16.fc36           fedora    33 M
 glibc-devel                  x86_64  2.35-4.fc36                fedora   154 k
 glibc-headers-x86            noarch  2.35-4.fc36                fedora   557 k
 groff-base                   x86_64  1.22.4-9.fc36              fedora   1.0 M
 guile22                      x86_64  2.2.7-5.fc36               fedora   6.4 M
 kernel-headers               x86_64  5.18.13-200.fc36           updates  1.3 M
 libbpf                       x86_64  2:0.7.0-3.fc36             updates  159 k
 libedit                      x86_64  3.1-41.20210910cvs.fc36    fedora   104 k
 libmpc                       x86_64  1.2.1-4.fc36               fedora    61 k
 libpkgconf                   x86_64  1.8.0-2.fc36               fedora    36 k
 libseccomp                   x86_64  2.5.3-2.fc36               fedora    70 k
 libtool-ltdl                 x86_64  2.4.7-1.fc36               updates   37 k
 libxcrypt-devel              x86_64  4.4.28-1.fc36              fedora    29 k
 llvm13-libs                  x86_64  13.0.1-1.fc36              fedora    21 M
 m4                           x86_64  1.4.19-3.fc36              fedora   296 k
 make                         x86_64  1:4.3-7.fc36               fedora   535 k
 ncurses                      x86_64  6.2-9.20210508.fc36        fedora   400 k
 openssl-devel                x86_64  1:3.0.2-4.fc36             fedora   2.9 M
 perl-AutoLoader              noarch  5.74-486.fc36              fedora    26 k
 perl-B                       x86_64  1.82-486.fc36              fedora   185 k
 perl-Carp                    noarch  1.52-479.fc36              fedora    29 k
 perl-Class-Struct            noarch  0.66-486.fc36              fedora    27 k
 perl-Data-Dumper             x86_64  2.183-3.fc36               fedora    56 k
 perl-Digest                  noarch  1.20-2.fc36                fedora    25 k
 perl-Digest-MD5              x86_64  2.58-479.fc36              fedora    36 k
 perl-DynaLoader              x86_64  1.50-486.fc36              fedora    31 k
 perl-Encode                  x86_64  4:3.17-485.fc36            updates  1.7 M
 perl-Errno                   x86_64  1.33-486.fc36              fedora    20 k
 perl-Exporter                noarch  5.76-480.fc36              fedora    31 k
 perl-Fcntl                   x86_64  1.14-486.fc36              fedora    25 k
 perl-File-Basename           noarch  2.85-486.fc36              fedora    22 k
 perl-File-Path               noarch  2.18-479.fc36              fedora    35 k
 perl-File-Temp               noarch  1:0.231.100-479.fc36       fedora    59 k
 perl-File-stat               noarch  1.09-486.fc36              fedora    22 k
 perl-FileHandle              noarch  2.03-486.fc36              fedora    20 k
 perl-Getopt-Long             noarch  1:2.52-479.fc36            fedora    60 k
 perl-Getopt-Std              noarch  1.13-486.fc36              fedora    21 k
 perl-HTTP-Tiny               noarch  0.082-1.fc36               updates   55 k
 perl-IO                      x86_64  1.46-486.fc36              fedora    92 k
 perl-IPC-Open3               noarch  1.21-486.fc36              fedora    28 k
 perl-MIME-Base64             x86_64  3.16-479.fc36              fedora    30 k
 perl-Net-SSLeay              x86_64  1.92-2.fc36                fedora   364 k
 perl-POSIX                   x86_64  1.97-486.fc36              fedora   102 k
 perl-PathTools               x86_64  3.80-479.fc36              fedora    85 k
 perl-Pod-Escapes             noarch  1:1.07-479.fc36            fedora    20 k
 perl-Pod-Perldoc             noarch  3.28.01-480.fc36           fedora    83 k
 perl-Pod-Simple              noarch  1:3.43-3.fc36              fedora   215 k
 perl-Pod-Usage               noarch  4:2.01-479.fc36            fedora    40 k
 perl-Scalar-List-Utils       x86_64  5:1.63-489.fc36            updates   72 k
 perl-SelectSaver             noarch  1.02-486.fc36              fedora    17 k
 perl-Socket                  x86_64  4:2.035-1.fc36             updates   55 k
 perl-Storable                x86_64  1:3.25-2.fc36              fedora    96 k
 perl-Symbol                  noarch  1.09-486.fc36              fedora    19 k
 perl-Term-ANSIColor          noarch  5.01-480.fc36              fedora    48 k
 perl-Term-Cap                noarch  1.17-479.fc36              fedora    22 k
 perl-Text-ParseWords         noarch  3.31-1.fc36                updates   16 k
 perl-Text-Tabs+Wrap          noarch  2021.0814-2.fc36           fedora    22 k
 perl-Time-Local              noarch  2:1.300-479.fc36           fedora    34 k
 perl-URI                     noarch  5.10-1.fc36                fedora   108 k
 perl-base                    noarch  2.27-486.fc36              fedora    21 k
 perl-constant                noarch  1.33-480.fc36              fedora    23 k
 perl-if                      noarch  0.60.900-486.fc36          fedora    19 k
 perl-interpreter             x86_64  4:5.34.1-486.fc36          fedora    76 k
 perl-libnet                  noarch  3.13-480.fc36              fedora   126 k
 perl-libs                    x86_64  4:5.34.1-486.fc36          fedora   2.1 M
 perl-mro                     x86_64  1.25-486.fc36              fedora    33 k
 perl-overload                noarch  1.33-486.fc36              fedora    50 k
 perl-overloading             noarch  0.02-486.fc36              fedora    18 k
 perl-parent                  noarch  1:0.238-479.fc36           fedora    14 k
 perl-podlators               noarch  1:4.14-479.fc36            fedora   112 k
 perl-subs                    noarch  1.04-486.fc36              fedora    17 k
 perl-vars                    noarch  1.05-486.fc36              fedora    18 k
 pkgconf                      x86_64  1.8.0-2.fc36               fedora    41 k
 pkgconf-m4                   noarch  1.8.0-2.fc36               fedora    14 k
 pkgconf-pkg-config           x86_64  1.8.0-2.fc36               fedora    10 k
 python3-bcc                  noarch  0.22.0-3.fc36              fedora    96 k
 python3-netaddr              noarch  0.8.0-8.fc36               updates  1.5 M
 zlib-devel                   x86_64  1.2.11-31.fc36             fedora    44 k
Installing weak dependencies:
 bcc-tools                    x86_64  0.22.0-3.fc36              fedora   462 k
 kernel-devel                 x86_64  5.18.17-200.fc36           updates   16 M
 perl-IO-Socket-IP            noarch  0.41-480.fc36              fedora    42 k
 perl-IO-Socket-SSL           noarch  2.074-2.fc36               fedora   218 k
 perl-Mozilla-CA              noarch  20211001-2.fc36            fedora    12 k
 perl-NDBM_File               x86_64  1.15-486.fc36              fedora    27 k

Transaction Summary
================================================================================
Install  96 Packages

Total download size: 135 M
Installed size: 529 M
Downloading Packages:
(1/96): bcc-0.22.0-3.fc36.x86_64.rpm            467 kB/s | 704 kB     00:01    
(2/96): bcc-tools-0.22.0-3.fc36.x86_64.rpm      213 kB/s | 462 kB     00:02    
(3/96): clang13-resource-filesystem-13.0.1-1.fc  65 kB/s |  13 kB     00:00    
(4/96): bison-3.8.2-2.fc36.x86_64.rpm           321 kB/s | 986 kB     00:03    
(5/96): elfutils-debuginfod-client-0.186-3.fc36 180 kB/s |  39 kB     00:00    
(6/96): elfutils-libelf-devel-0.186-3.fc36.x86_  59 kB/s |  26 kB     00:00    
(7/96): flex-2.6.4-10.fc36.x86_64.rpm           179 kB/s | 307 kB     00:01    
(8/96): cpp-12.0.1-0.16.fc36.x86_64.rpm         168 kB/s |  11 MB     01:03    
(9/96): glibc-devel-2.35-4.fc36.x86_64.rpm       74 kB/s | 154 kB     00:02    
(10/96): glibc-headers-x86-2.35-4.fc36.noarch.r 265 kB/s | 557 kB     00:02    
(11/96): groff-base-1.22.4-9.fc36.x86_64.rpm    135 kB/s | 1.0 MB     00:07    
(12/96): guile22-2.2.7-5.fc36.x86_64.rpm        198 kB/s | 6.4 MB     00:33    
(13/96): libedit-3.1-41.20210910cvs.fc36.x86_64 260 kB/s | 104 kB     00:00    
(14/96): libmpc-1.2.1-4.fc36.x86_64.rpm         300 kB/s |  61 kB     00:00    
(15/96): libpkgconf-1.8.0-2.fc36.x86_64.rpm     135 kB/s |  36 kB     00:00    
(16/96): libseccomp-2.5.3-2.fc36.x86_64.rpm      76 kB/s |  70 kB     00:00    
(17/96): libxcrypt-devel-4.4.28-1.fc36.x86_64.r  41 kB/s |  29 kB     00:00    
(18/96): clang13-libs-13.0.1-1.fc36.x86_64.rpm  184 kB/s |  22 MB     02:04    
(19/96): m4-1.4.19-3.fc36.x86_64.rpm            140 kB/s | 296 kB     00:02    
(20/96): make-4.3-7.fc36.x86_64.rpm             116 kB/s | 535 kB     00:04    
(21/96): ncurses-6.2-9.20210508.fc36.x86_64.rpm 154 kB/s | 400 kB     00:02    
(22/96): openssl-devel-3.0.2-4.fc36.x86_64.rpm  321 kB/s | 2.9 MB     00:09    
(23/96): perl-AutoLoader-5.74-486.fc36.noarch.r  83 kB/s |  26 kB     00:00    
(24/96): perl-B-1.82-486.fc36.x86_64.rpm        717 kB/s | 185 kB     00:00    
(25/96): perl-Carp-1.52-479.fc36.noarch.rpm     161 kB/s |  29 kB     00:00    
(26/96): perl-Class-Struct-0.66-486.fc36.noarch 205 kB/s |  27 kB     00:00    
(27/96): perl-Data-Dumper-2.183-3.fc36.x86_64.r 251 kB/s |  56 kB     00:00    
(28/96): perl-Digest-1.20-2.fc36.noarch.rpm     120 kB/s |  25 kB     00:00    
(29/96): perl-Digest-MD5-2.58-479.fc36.x86_64.r 196 kB/s |  36 kB     00:00    
(30/96): perl-DynaLoader-1.50-486.fc36.x86_64.r 277 kB/s |  31 kB     00:00    
(31/96): perl-Errno-1.33-486.fc36.x86_64.rpm    128 kB/s |  20 kB     00:00    
(32/96): perl-Exporter-5.76-480.fc36.noarch.rpm 103 kB/s |  31 kB     00:00    
(33/96): perl-Fcntl-1.14-486.fc36.x86_64.rpm     64 kB/s |  25 kB     00:00    
(34/96): perl-File-Basename-2.85-486.fc36.noarc  66 kB/s |  22 kB     00:00    
(35/96): perl-File-Path-2.18-479.fc36.noarch.rp  50 kB/s |  35 kB     00:00    
(36/96): perl-File-Temp-0.231.100-479.fc36.noar 285 kB/s |  59 kB     00:00    
(37/96): perl-File-stat-1.09-486.fc36.noarch.rp 166 kB/s |  22 kB     00:00    
(38/96): perl-FileHandle-2.03-486.fc36.noarch.r  49 kB/s |  20 kB     00:00    
(39/96): perl-Getopt-Long-2.52-479.fc36.noarch. 120 kB/s |  60 kB     00:00    
(40/96): perl-Getopt-Std-1.13-486.fc36.noarch.r  23 kB/s |  21 kB     00:00    
(41/96): perl-IO-1.46-486.fc36.x86_64.rpm       174 kB/s |  92 kB     00:00    
(42/96): perl-IO-Socket-IP-0.41-480.fc36.noarch 182 kB/s |  42 kB     00:00    
(43/96): perl-IO-Socket-SSL-2.074-2.fc36.noarch 733 kB/s | 218 kB     00:00    
(44/96): perl-IPC-Open3-1.21-486.fc36.noarch.rp 119 kB/s |  28 kB     00:00    
(45/96): perl-MIME-Base64-3.16-479.fc36.x86_64.  78 kB/s |  30 kB     00:00    
(46/96): perl-Mozilla-CA-20211001-2.fc36.noarch  20 kB/s |  12 kB     00:00    
(47/96): perl-NDBM_File-1.15-486.fc36.x86_64.rp  26 kB/s |  27 kB     00:01    
(48/96): perl-Net-SSLeay-1.92-2.fc36.x86_64.rpm 351 kB/s | 364 kB     00:01    
(49/96): perl-POSIX-1.97-486.fc36.x86_64.rpm    682 kB/s | 102 kB     00:00    
(50/96): perl-PathTools-3.80-479.fc36.x86_64.rp 505 kB/s |  85 kB     00:00    
(51/96): perl-Pod-Escapes-1.07-479.fc36.noarch.  91 kB/s |  20 kB     00:00    
(52/96): perl-Pod-Perldoc-3.28.01-480.fc36.noar 537 kB/s |  83 kB     00:00    
(53/96): perl-Pod-Simple-3.43-3.fc36.noarch.rpm 661 kB/s | 215 kB     00:00    
(54/96): perl-Pod-Usage-2.01-479.fc36.noarch.rp  66 kB/s |  40 kB     00:00    
(55/96): perl-SelectSaver-1.02-486.fc36.noarch.  48 kB/s |  17 kB     00:00    
(56/96): perl-Storable-3.25-2.fc36.x86_64.rpm   371 kB/s |  96 kB     00:00    
(57/96): perl-Symbol-1.09-486.fc36.noarch.rpm   121 kB/s |  19 kB     00:00    
(58/96): perl-Term-ANSIColor-5.01-480.fc36.noar 197 kB/s |  48 kB     00:00    
(59/96): perl-Term-Cap-1.17-479.fc36.noarch.rpm 109 kB/s |  22 kB     00:00    
(60/96): perl-Text-Tabs+Wrap-2021.0814-2.fc36.n  53 kB/s |  22 kB     00:00    
(61/96): perl-Time-Local-1.300-479.fc36.noarch. 174 kB/s |  34 kB     00:00    
(62/96): perl-URI-5.10-1.fc36.noarch.rpm        514 kB/s | 108 kB     00:00    
(63/96): perl-base-2.27-486.fc36.noarch.rpm     180 kB/s |  21 kB     00:00    
(64/96): perl-constant-1.33-480.fc36.noarch.rpm  52 kB/s |  23 kB     00:00    
(65/96): perl-if-0.60.900-486.fc36.noarch.rpm   115 kB/s |  19 kB     00:00    
(66/96): perl-interpreter-5.34.1-486.fc36.x86_6 234 kB/s |  76 kB     00:00    
(67/96): perl-libnet-3.13-480.fc36.noarch.rpm   818 kB/s | 126 kB     00:00    
(68/96): perl-libs-5.34.1-486.fc36.x86_64.rpm   1.6 MB/s | 2.1 MB     00:01    
(69/96): perl-mro-1.25-486.fc36.x86_64.rpm      152 kB/s |  33 kB     00:00    
(70/96): perl-overload-1.33-486.fc36.noarch.rpm 178 kB/s |  50 kB     00:00    
(71/96): llvm13-libs-13.0.1-1.fc36.x86_64.rpm   445 kB/s |  21 MB     00:47    
(72/96): perl-overloading-0.02-486.fc36.noarch.  39 kB/s |  18 kB     00:00    
(73/96): perl-podlators-4.14-479.fc36.noarch.rp 624 kB/s | 112 kB     00:00    
(74/96): perl-parent-0.238-479.fc36.noarch.rpm   79 kB/s |  14 kB     00:00    
(75/96): perl-subs-1.04-486.fc36.noarch.rpm     133 kB/s |  17 kB     00:00    
(76/96): perl-vars-1.05-486.fc36.noarch.rpm     131 kB/s |  18 kB     00:00    
(77/96): pkgconf-1.8.0-2.fc36.x86_64.rpm        271 kB/s |  41 kB     00:00    
(78/96): pkgconf-m4-1.8.0-2.fc36.noarch.rpm      97 kB/s |  14 kB     00:00    
(79/96): gcc-12.0.1-0.16.fc36.x86_64.rpm        215 kB/s |  33 MB     02:37    
(80/96): pkgconf-pkg-config-1.8.0-2.fc36.x86_64  42 kB/s |  10 kB     00:00    
(81/96): python3-bcc-0.22.0-3.fc36.noarch.rpm   312 kB/s |  96 kB     00:00    
(82/96): zlib-devel-1.2.11-31.fc36.x86_64.rpm   281 kB/s |  44 kB     00:00    
(83/96): gc-8.0.6-3.fc36.x86_64.rpm             169 kB/s | 103 kB     00:00    
(84/96): binutils-gold-2.37-27.fc36.x86_64.rpm  796 kB/s | 754 kB     00:00    
(85/96): kernel-headers-5.18.13-200.fc36.x86_64 2.0 MB/s | 1.3 MB     00:00    
(86/96): libbpf-0.7.0-3.fc36.x86_64.rpm         1.4 MB/s | 159 kB     00:00    
(87/96): libtool-ltdl-2.4.7-1.fc36.x86_64.rpm   317 kB/s |  37 kB     00:00    
(88/96): oci-seccomp-bpf-hook-1.2.6-2.fc36.x86_ 2.1 MB/s | 1.0 MB     00:00    
(89/96): perl-Encode-3.17-485.fc36.x86_64.rpm   1.1 MB/s | 1.7 MB     00:01    
(90/96): perl-HTTP-Tiny-0.082-1.fc36.noarch.rpm 273 kB/s |  55 kB     00:00    
(91/96): perl-Scalar-List-Utils-1.63-489.fc36.x 398 kB/s |  72 kB     00:00    
(92/96): perl-Socket-2.035-1.fc36.x86_64.rpm    363 kB/s |  55 kB     00:00    
(93/96): perl-Text-ParseWords-3.31-1.fc36.noarc 136 kB/s |  16 kB     00:00    
(94/96): python3-netaddr-0.8.0-8.fc36.noarch.rp 1.2 MB/s | 1.5 MB     00:01    
(95/96): binutils-2.37-27.fc36.x86_64.rpm       893 kB/s | 6.0 MB     00:06    
(96/96): kernel-devel-5.18.17-200.fc36.x86_64.r 1.3 MB/s |  16 MB     00:11    
--------------------------------------------------------------------------------
Total                                           786 kB/s | 135 MB     02:56     
Running transaction check
Transaction check succeeded.
Running transaction test
Transaction test succeeded.
Running transaction
  Preparing        :                                                        1/1 
  Installing       : libbpf-2:0.7.0-3.fc36.x86_64                          1/96 
  Installing       : m4-1.4.19-3.fc36.x86_64                               2/96 
  Installing       : libmpc-1.2.1-4.fc36.x86_64                            3/96 
  Installing       : elfutils-debuginfod-client-0.186-3.fc36.x86_64        4/96 
  Installing       : binutils-gold-2.37-27.fc36.x86_64                     5/96 
  Installing       : binutils-2.37-27.fc36.x86_64                          6/96 
  Running scriptlet: binutils-2.37-27.fc36.x86_64                          6/96 
  Installing       : cpp-12.0.1-0.16.fc36.x86_64                           7/96 
  Installing       : bison-3.8.2-2.fc36.x86_64                             8/96 
  Installing       : flex-2.6.4-10.fc36.x86_64                             9/96 
  Installing       : python3-netaddr-0.8.0-8.fc36.noarch                  10/96 
  Installing       : libtool-ltdl-2.4.7-1.fc36.x86_64                     11/96 
  Installing       : kernel-headers-5.18.13-200.fc36.x86_64               12/96 
  Installing       : gc-8.0.6-3.fc36.x86_64                               13/96 
  Installing       : guile22-2.2.7-5.fc36.x86_64                          14/96 
  Installing       : make-1:4.3-7.fc36.x86_64                             15/96 
  Installing       : pkgconf-m4-1.8.0-2.fc36.noarch                       16/96 
  Installing       : ncurses-6.2-9.20210508.fc36.x86_64                   17/96 
  Installing       : libseccomp-2.5.3-2.fc36.x86_64                       18/96 
  Installing       : libpkgconf-1.8.0-2.fc36.x86_64                       19/96 
  Installing       : pkgconf-1.8.0-2.fc36.x86_64                          20/96 
  Installing       : pkgconf-pkg-config-1.8.0-2.fc36.x86_64               21/96 
  Installing       : openssl-devel-1:3.0.2-4.fc36.x86_64                  22/96 
  Installing       : zlib-devel-1.2.11-31.fc36.x86_64                     23/96 
  Installing       : elfutils-libelf-devel-0.186-3.fc36.x86_64            24/96 
  Installing       : libedit-3.1-41.20210910cvs.fc36.x86_64               25/96 
  Installing       : llvm13-libs-13.0.1-1.fc36.x86_64                     26/96 
  Running scriptlet: groff-base-1.22.4-9.fc36.x86_64                      27/96 
  Installing       : groff-base-1.22.4-9.fc36.x86_64                      27/96 
  Running scriptlet: groff-base-1.22.4-9.fc36.x86_64                      27/96 
  Installing       : perl-Digest-1.20-2.fc36.noarch                       28/96 
  Installing       : perl-Digest-MD5-2.58-479.fc36.x86_64                 29/96 
  Installing       : perl-B-1.82-486.fc36.x86_64                          30/96 
  Installing       : perl-FileHandle-2.03-486.fc36.noarch                 31/96 
  Installing       : perl-AutoLoader-5.74-486.fc36.noarch                 32/96 
  Installing       : perl-Data-Dumper-2.183-3.fc36.x86_64                 33/96 
  Installing       : perl-libnet-3.13-480.fc36.noarch                     34/96 
  Installing       : perl-base-2.27-486.fc36.noarch                       35/96 
  Installing       : perl-Net-SSLeay-1.92-2.fc36.x86_64                   36/96 
  Installing       : perl-URI-5.10-1.fc36.noarch                          37/96 
  Installing       : perl-Text-Tabs+Wrap-2021.0814-2.fc36.noarch          38/96 
  Installing       : perl-if-0.60.900-486.fc36.noarch                     39/96 
  Installing       : perl-Time-Local-2:1.300-479.fc36.noarch              40/96 
  Installing       : perl-Pod-Escapes-1:1.07-479.fc36.noarch              41/96 
  Installing       : perl-File-Path-2.18-479.fc36.noarch                  42/96 
  Installing       : perl-Mozilla-CA-20211001-2.fc36.noarch               43/96 
  Installing       : perl-IO-Socket-IP-0.41-480.fc36.noarch               44/96 
  Installing       : perl-IO-Socket-SSL-2.074-2.fc36.noarch               45/96 
  Installing       : perl-Class-Struct-0.66-486.fc36.noarch               46/96 
  Installing       : perl-POSIX-1.97-486.fc36.x86_64                      47/96 
  Installing       : perl-Term-ANSIColor-5.01-480.fc36.noarch             48/96 
  Installing       : perl-subs-1.04-486.fc36.noarch                       49/96 
  Installing       : perl-Term-Cap-1.17-479.fc36.noarch                   50/96 
  Installing       : perl-Pod-Simple-1:3.43-3.fc36.noarch                 51/96 
  Installing       : perl-File-Temp-1:0.231.100-479.fc36.noarch           52/96 
  Installing       : perl-IPC-Open3-1.21-486.fc36.noarch                  53/96 
  Installing       : perl-HTTP-Tiny-0.082-1.fc36.noarch                   54/96 
  Installing       : perl-SelectSaver-1.02-486.fc36.noarch                55/96 
  Installing       : perl-Symbol-1.09-486.fc36.noarch                     56/96 
  Installing       : perl-File-stat-1.09-486.fc36.noarch                  57/96 
  Installing       : perl-Socket-4:2.035-1.fc36.x86_64                    58/96 
  Installing       : perl-podlators-1:4.14-479.fc36.noarch                59/96 
  Installing       : perl-Pod-Perldoc-3.28.01-480.fc36.noarch             60/96 
  Installing       : perl-Fcntl-1.14-486.fc36.x86_64                      61/96 
  Installing       : perl-mro-1.25-486.fc36.x86_64                        62/96 
  Installing       : perl-overloading-0.02-486.fc36.noarch                63/96 
  Installing       : perl-IO-1.46-486.fc36.x86_64                         64/96 
  Installing       : perl-Text-ParseWords-3.31-1.fc36.noarch              65/96 
  Installing       : perl-Pod-Usage-4:2.01-479.fc36.noarch                66/96 
  Installing       : perl-Errno-1.33-486.fc36.x86_64                      67/96 
  Installing       : perl-File-Basename-2.85-486.fc36.noarch              68/96 
  Installing       : perl-Getopt-Std-1.13-486.fc36.noarch                 69/96 
  Installing       : perl-MIME-Base64-3.16-479.fc36.x86_64                70/96 
  Installing       : perl-constant-1.33-480.fc36.noarch                   71/96 
  Installing       : perl-parent-1:0.238-479.fc36.noarch                  72/96 
  Installing       : perl-vars-1.05-486.fc36.noarch                       73/96 
  Installing       : perl-overload-1.33-486.fc36.noarch                   74/96 
  Installing       : perl-Scalar-List-Utils-5:1.63-489.fc36.x86_64        75/96 
  Installing       : perl-Storable-1:3.25-2.fc36.x86_64                   76/96 
  Installing       : perl-Getopt-Long-1:2.52-479.fc36.noarch              77/96 
  Installing       : perl-DynaLoader-1.50-486.fc36.x86_64                 78/96 
  Installing       : perl-Carp-1.52-479.fc36.noarch                       79/96 
  Installing       : perl-Exporter-5.76-480.fc36.noarch                   80/96 
  Installing       : perl-NDBM_File-1.15-486.fc36.x86_64                  81/96 
  Installing       : perl-PathTools-3.80-479.fc36.x86_64                  82/96 
  Installing       : perl-Encode-4:3.17-485.fc36.x86_64                   83/96 
  Installing       : perl-libs-4:5.34.1-486.fc36.x86_64                   84/96 
  Installing       : perl-interpreter-4:5.34.1-486.fc36.x86_64            85/96 
  Installing       : glibc-headers-x86-2.35-4.fc36.noarch                 86/96 
  Installing       : libxcrypt-devel-4.4.28-1.fc36.x86_64                 87/96 
  Installing       : glibc-devel-2.35-4.fc36.x86_64                       88/96 
  Installing       : gcc-12.0.1-0.16.fc36.x86_64                          89/96 
  Installing       : kernel-devel-5.18.17-200.fc36.x86_64                 90/96 
  Running scriptlet: kernel-devel-5.18.17-200.fc36.x86_64                 90/96 
  Installing       : clang13-resource-filesystem-13.0.1-1.fc36.x86_64     91/96 
  Installing       : clang13-libs-13.0.1-1.fc36.x86_64                    92/96 
  Installing       : bcc-tools-0.22.0-3.fc36.x86_64                       93/96 
  Installing       : bcc-0.22.0-3.fc36.x86_64                             94/96 
  Installing       : python3-bcc-0.22.0-3.fc36.noarch                     95/96 
  Installing       : oci-seccomp-bpf-hook-1.2.6-2.fc36.x86_64             96/96 
  Running scriptlet: oci-seccomp-bpf-hook-1.2.6-2.fc36.x86_64             96/96 
  Verifying        : bcc-0.22.0-3.fc36.x86_64                              1/96 
  Verifying        : bcc-tools-0.22.0-3.fc36.x86_64                        2/96 
  Verifying        : bison-3.8.2-2.fc36.x86_64                             3/96 
  Verifying        : clang13-libs-13.0.1-1.fc36.x86_64                     4/96 
  Verifying        : clang13-resource-filesystem-13.0.1-1.fc36.x86_64      5/96 
  Verifying        : cpp-12.0.1-0.16.fc36.x86_64                           6/96 
  Verifying        : elfutils-debuginfod-client-0.186-3.fc36.x86_64        7/96 
  Verifying        : elfutils-libelf-devel-0.186-3.fc36.x86_64             8/96 
  Verifying        : flex-2.6.4-10.fc36.x86_64                             9/96 
  Verifying        : gcc-12.0.1-0.16.fc36.x86_64                          10/96 
  Verifying        : glibc-devel-2.35-4.fc36.x86_64                       11/96 
  Verifying        : glibc-headers-x86-2.35-4.fc36.noarch                 12/96 
  Verifying        : groff-base-1.22.4-9.fc36.x86_64                      13/96 
  Verifying        : guile22-2.2.7-5.fc36.x86_64                          14/96 
  Verifying        : libedit-3.1-41.20210910cvs.fc36.x86_64               15/96 
  Verifying        : libmpc-1.2.1-4.fc36.x86_64                           16/96 
  Verifying        : libpkgconf-1.8.0-2.fc36.x86_64                       17/96 
  Verifying        : libseccomp-2.5.3-2.fc36.x86_64                       18/96 
  Verifying        : libxcrypt-devel-4.4.28-1.fc36.x86_64                 19/96 
  Verifying        : llvm13-libs-13.0.1-1.fc36.x86_64                     20/96 
  Verifying        : m4-1.4.19-3.fc36.x86_64                              21/96 
  Verifying        : make-1:4.3-7.fc36.x86_64                             22/96 
  Verifying        : ncurses-6.2-9.20210508.fc36.x86_64                   23/96 
  Verifying        : openssl-devel-1:3.0.2-4.fc36.x86_64                  24/96 
  Verifying        : perl-AutoLoader-5.74-486.fc36.noarch                 25/96 
  Verifying        : perl-B-1.82-486.fc36.x86_64                          26/96 
  Verifying        : perl-Carp-1.52-479.fc36.noarch                       27/96 
  Verifying        : perl-Class-Struct-0.66-486.fc36.noarch               28/96 
  Verifying        : perl-Data-Dumper-2.183-3.fc36.x86_64                 29/96 
  Verifying        : perl-Digest-1.20-2.fc36.noarch                       30/96 
  Verifying        : perl-Digest-MD5-2.58-479.fc36.x86_64                 31/96 
  Verifying        : perl-DynaLoader-1.50-486.fc36.x86_64                 32/96 
  Verifying        : perl-Errno-1.33-486.fc36.x86_64                      33/96 
  Verifying        : perl-Exporter-5.76-480.fc36.noarch                   34/96 
  Verifying        : perl-Fcntl-1.14-486.fc36.x86_64                      35/96 
  Verifying        : perl-File-Basename-2.85-486.fc36.noarch              36/96 
  Verifying        : perl-File-Path-2.18-479.fc36.noarch                  37/96 
  Verifying        : perl-File-Temp-1:0.231.100-479.fc36.noarch           38/96 
  Verifying        : perl-File-stat-1.09-486.fc36.noarch                  39/96 
  Verifying        : perl-FileHandle-2.03-486.fc36.noarch                 40/96 
  Verifying        : perl-Getopt-Long-1:2.52-479.fc36.noarch              41/96 
  Verifying        : perl-Getopt-Std-1.13-486.fc36.noarch                 42/96 
  Verifying        : perl-IO-1.46-486.fc36.x86_64                         43/96 
  Verifying        : perl-IO-Socket-IP-0.41-480.fc36.noarch               44/96 
  Verifying        : perl-IO-Socket-SSL-2.074-2.fc36.noarch               45/96 
  Verifying        : perl-IPC-Open3-1.21-486.fc36.noarch                  46/96 
  Verifying        : perl-MIME-Base64-3.16-479.fc36.x86_64                47/96 
  Verifying        : perl-Mozilla-CA-20211001-2.fc36.noarch               48/96 
  Verifying        : perl-NDBM_File-1.15-486.fc36.x86_64                  49/96 
  Verifying        : perl-Net-SSLeay-1.92-2.fc36.x86_64                   50/96 
  Verifying        : perl-POSIX-1.97-486.fc36.x86_64                      51/96 
  Verifying        : perl-PathTools-3.80-479.fc36.x86_64                  52/96 
  Verifying        : perl-Pod-Escapes-1:1.07-479.fc36.noarch              53/96 
  Verifying        : perl-Pod-Perldoc-3.28.01-480.fc36.noarch             54/96 
  Verifying        : perl-Pod-Simple-1:3.43-3.fc36.noarch                 55/96 
  Verifying        : perl-Pod-Usage-4:2.01-479.fc36.noarch                56/96 
  Verifying        : perl-SelectSaver-1.02-486.fc36.noarch                57/96 
  Verifying        : perl-Storable-1:3.25-2.fc36.x86_64                   58/96 
  Verifying        : perl-Symbol-1.09-486.fc36.noarch                     59/96 
  Verifying        : perl-Term-ANSIColor-5.01-480.fc36.noarch             60/96 
  Verifying        : perl-Term-Cap-1.17-479.fc36.noarch                   61/96 
  Verifying        : perl-Text-Tabs+Wrap-2021.0814-2.fc36.noarch          62/96 
  Verifying        : perl-Time-Local-2:1.300-479.fc36.noarch              63/96 
  Verifying        : perl-URI-5.10-1.fc36.noarch                          64/96 
  Verifying        : perl-base-2.27-486.fc36.noarch                       65/96 
  Verifying        : perl-constant-1.33-480.fc36.noarch                   66/96 
  Verifying        : perl-if-0.60.900-486.fc36.noarch                     67/96 
  Verifying        : perl-interpreter-4:5.34.1-486.fc36.x86_64            68/96 
  Verifying        : perl-libnet-3.13-480.fc36.noarch                     69/96 
  Verifying        : perl-libs-4:5.34.1-486.fc36.x86_64                   70/96 
  Verifying        : perl-mro-1.25-486.fc36.x86_64                        71/96 
  Verifying        : perl-overload-1.33-486.fc36.noarch                   72/96 
  Verifying        : perl-overloading-0.02-486.fc36.noarch                73/96 
  Verifying        : perl-parent-1:0.238-479.fc36.noarch                  74/96 
  Verifying        : perl-podlators-1:4.14-479.fc36.noarch                75/96 
  Verifying        : perl-subs-1.04-486.fc36.noarch                       76/96 
  Verifying        : perl-vars-1.05-486.fc36.noarch                       77/96 
  Verifying        : pkgconf-1.8.0-2.fc36.x86_64                          78/96 
  Verifying        : pkgconf-m4-1.8.0-2.fc36.noarch                       79/96 
  Verifying        : pkgconf-pkg-config-1.8.0-2.fc36.x86_64               80/96 
  Verifying        : python3-bcc-0.22.0-3.fc36.noarch                     81/96 
  Verifying        : zlib-devel-1.2.11-31.fc36.x86_64                     82/96 
  Verifying        : binutils-2.37-27.fc36.x86_64                         83/96 
  Verifying        : binutils-gold-2.37-27.fc36.x86_64                    84/96 
  Verifying        : gc-8.0.6-3.fc36.x86_64                               85/96 
  Verifying        : kernel-devel-5.18.17-200.fc36.x86_64                 86/96 
  Verifying        : kernel-headers-5.18.13-200.fc36.x86_64               87/96 
  Verifying        : libbpf-2:0.7.0-3.fc36.x86_64                         88/96 
  Verifying        : libtool-ltdl-2.4.7-1.fc36.x86_64                     89/96 
  Verifying        : oci-seccomp-bpf-hook-1.2.6-2.fc36.x86_64             90/96 
  Verifying        : perl-Encode-4:3.17-485.fc36.x86_64                   91/96 
  Verifying        : perl-HTTP-Tiny-0.082-1.fc36.noarch                   92/96 
  Verifying        : perl-Scalar-List-Utils-5:1.63-489.fc36.x86_64        93/96 
  Verifying        : perl-Socket-4:2.035-1.fc36.x86_64                    94/96 
  Verifying        : perl-Text-ParseWords-3.31-1.fc36.noarch              95/96 
  Verifying        : python3-netaddr-0.8.0-8.fc36.noarch                  96/96 

Installed:
  bcc-0.22.0-3.fc36.x86_64                                                      
  bcc-tools-0.22.0-3.fc36.x86_64                                                
  binutils-2.37-27.fc36.x86_64                                                  
  binutils-gold-2.37-27.fc36.x86_64                                             
  bison-3.8.2-2.fc36.x86_64                                                     
  clang13-libs-13.0.1-1.fc36.x86_64                                             
  clang13-resource-filesystem-13.0.1-1.fc36.x86_64                              
  cpp-12.0.1-0.16.fc36.x86_64                                                   
  elfutils-debuginfod-client-0.186-3.fc36.x86_64                                
  elfutils-libelf-devel-0.186-3.fc36.x86_64                                     
  flex-2.6.4-10.fc36.x86_64                                                     
  gc-8.0.6-3.fc36.x86_64                                                        
  gcc-12.0.1-0.16.fc36.x86_64                                                   
  glibc-devel-2.35-4.fc36.x86_64                                                
  glibc-headers-x86-2.35-4.fc36.noarch                                          
  groff-base-1.22.4-9.fc36.x86_64                                               
  guile22-2.2.7-5.fc36.x86_64                                                   
  kernel-devel-5.18.17-200.fc36.x86_64                                          
  kernel-headers-5.18.13-200.fc36.x86_64                                        
  libbpf-2:0.7.0-3.fc36.x86_64                                                  
  libedit-3.1-41.20210910cvs.fc36.x86_64                                        
  libmpc-1.2.1-4.fc36.x86_64                                                    
  libpkgconf-1.8.0-2.fc36.x86_64                                                
  libseccomp-2.5.3-2.fc36.x86_64                                                
  libtool-ltdl-2.4.7-1.fc36.x86_64                                              
  libxcrypt-devel-4.4.28-1.fc36.x86_64                                          
  llvm13-libs-13.0.1-1.fc36.x86_64                                              
  m4-1.4.19-3.fc36.x86_64                                                       
  make-1:4.3-7.fc36.x86_64                                                      
  ncurses-6.2-9.20210508.fc36.x86_64                                            
  oci-seccomp-bpf-hook-1.2.6-2.fc36.x86_64                                      
  openssl-devel-1:3.0.2-4.fc36.x86_64                                           
  perl-AutoLoader-5.74-486.fc36.noarch                                          
  perl-B-1.82-486.fc36.x86_64                                                   
  perl-Carp-1.52-479.fc36.noarch                                                
  perl-Class-Struct-0.66-486.fc36.noarch                                        
  perl-Data-Dumper-2.183-3.fc36.x86_64                                          
  perl-Digest-1.20-2.fc36.noarch                                                
  perl-Digest-MD5-2.58-479.fc36.x86_64                                          
  perl-DynaLoader-1.50-486.fc36.x86_64                                          
  perl-Encode-4:3.17-485.fc36.x86_64                                            
  perl-Errno-1.33-486.fc36.x86_64                                               
  perl-Exporter-5.76-480.fc36.noarch                                            
  perl-Fcntl-1.14-486.fc36.x86_64                                               
  perl-File-Basename-2.85-486.fc36.noarch                                       
  perl-File-Path-2.18-479.fc36.noarch                                           
  perl-File-Temp-1:0.231.100-479.fc36.noarch                                    
  perl-File-stat-1.09-486.fc36.noarch                                           
  perl-FileHandle-2.03-486.fc36.noarch                                          
  perl-Getopt-Long-1:2.52-479.fc36.noarch                                       
  perl-Getopt-Std-1.13-486.fc36.noarch                                          
  perl-HTTP-Tiny-0.082-1.fc36.noarch                                            
  perl-IO-1.46-486.fc36.x86_64                                                  
  perl-IO-Socket-IP-0.41-480.fc36.noarch                                        
  perl-IO-Socket-SSL-2.074-2.fc36.noarch                                        
  perl-IPC-Open3-1.21-486.fc36.noarch                                           
  perl-MIME-Base64-3.16-479.fc36.x86_64                                         
  perl-Mozilla-CA-20211001-2.fc36.noarch                                        
  perl-NDBM_File-1.15-486.fc36.x86_64                                           
  perl-Net-SSLeay-1.92-2.fc36.x86_64                                            
  perl-POSIX-1.97-486.fc36.x86_64                                               
  perl-PathTools-3.80-479.fc36.x86_64                                           
  perl-Pod-Escapes-1:1.07-479.fc36.noarch                                       
  perl-Pod-Perldoc-3.28.01-480.fc36.noarch                                      
  perl-Pod-Simple-1:3.43-3.fc36.noarch                                          
  perl-Pod-Usage-4:2.01-479.fc36.noarch                                         
  perl-Scalar-List-Utils-5:1.63-489.fc36.x86_64                                 
  perl-SelectSaver-1.02-486.fc36.noarch                                         
  perl-Socket-4:2.035-1.fc36.x86_64                                             
  perl-Storable-1:3.25-2.fc36.x86_64                                            
  perl-Symbol-1.09-486.fc36.noarch                                              
  perl-Term-ANSIColor-5.01-480.fc36.noarch                                      
  perl-Term-Cap-1.17-479.fc36.noarch                                            
  perl-Text-ParseWords-3.31-1.fc36.noarch                                       
  perl-Text-Tabs+Wrap-2021.0814-2.fc36.noarch                                   
  perl-Time-Local-2:1.300-479.fc36.noarch                                       
  perl-URI-5.10-1.fc36.noarch                                                   
  perl-base-2.27-486.fc36.noarch                                                
  perl-constant-1.33-480.fc36.noarch                                            
  perl-if-0.60.900-486.fc36.noarch                                              
  perl-interpreter-4:5.34.1-486.fc36.x86_64                                     
  perl-libnet-3.13-480.fc36.noarch                                              
  perl-libs-4:5.34.1-486.fc36.x86_64                                            
  perl-mro-1.25-486.fc36.x86_64                                                 
  perl-overload-1.33-486.fc36.noarch                                            
  perl-overloading-0.02-486.fc36.noarch                                         
  perl-parent-1:0.238-479.fc36.noarch                                           
  perl-podlators-1:4.14-479.fc36.noarch                                         
  perl-subs-1.04-486.fc36.noarch                                                
  perl-vars-1.05-486.fc36.noarch                                                
  pkgconf-1.8.0-2.fc36.x86_64                                                   
  pkgconf-m4-1.8.0-2.fc36.noarch                                                
  pkgconf-pkg-config-1.8.0-2.fc36.x86_64                                        
  python3-bcc-0.22.0-3.fc36.noarch                                              
  python3-netaddr-0.8.0-8.fc36.noarch                                           
  zlib-devel-1.2.11-31.fc36.x86_64                                              

Complete!

